2025-05-23 19:20:00 | INFO | repo=eren | action=commit
2025-11-03 12:40:00 | DEBUG | repo=eren | action=commit
2025-05-25 20:11:00 | WARN | repo=eren | action=commit
2025-02-07 07:37:00 | DEBUG | repo=eren | action=commit
2025-10-11 13:48:00 | DEBUG | repo=eren | action=commit
2025-04-01 18:03:00 | INFO | repo=eren | action=commit
2025-12-11 08:32:00 | WARN | repo=eren | action=commit
2025-06-06 18:47:00 | WARN | repo=eren | action=commit
2025-02-27 18:20:00 | WARN | repo=eren | action=commit
2025-12-04 10:55:00 | WARN | repo=eren | action=pull
2025-12-26 15:09:00 | DEBUG | repo=eren | action=commit
2025-09-25 12:22:00 | DEBUG | repo=eren | action=commit
2025-01-13 16:52:00 | DEBUG | repo=eren | action=edit | files=1
2025-10-18 15:24:00 | WARN | repo=eren | action=commit
2025-10-25 07:14:00 | DEBUG | repo=eren | action=commit
2025-02-18 11:37:00 | WARN | repo=eren | action=edit | files=4
2025-12-27 08:03:00 | WARN | repo=eren | action=commit
2025-07-22 16:38:00 | INFO | repo=eren | action=commit
2025-09-03 07:27:00 | WARN | repo=eren | action=commit
2025-09-04 20:14:00 | DEBUG | repo=eren | action=test | passed=true
2025-07-23 09:09:00 | DEBUG | repo=eren | action=commit
2025-04-17 21:53:00 | WARN | repo=eren | action=commit
2025-11-13 11:49:00 | INFO | repo=eren | action=commit
2025-05-22 08:58:00 | WARN | repo=eren | action=commit
2025-12-21 11:37:00 | WARN | repo=eren | action=edit | files=3
2025-01-01 16:53:00 | INFO | repo=eren | action=commit
2025-02-18 21:36:00 | WARN | repo=eren | action=test | passed=true
2025-06-25 21:39:00 | INFO | repo=eren | action=pull
2025-03-19 15:14:00 | DEBUG | repo=eren | action=commit
2025-07-06 18:28:00 | WARN | repo=eren | action=commit
2025-06-06 19:44:00 | DEBUG | repo=eren | action=commit
2025-03-23 17:36:00 | WARN | repo=eren | action=commit
2025-01-21 21:27:00 | INFO | repo=eren | action=test | passed=true
2025-12-14 18:52:00 | WARN | repo=eren | action=pull
2025-01-23 16:22:00 | WARN | repo=eren | action=commit
2025-09-25 16:26:00 | WARN | repo=eren | action=pull
2025-08-21 10:09:00 | DEBUG | repo=eren | action=commit
2025-03-27 20:52:00 | INFO | repo=eren | action=commit
2025-04-15 08:50:00 | DEBUG | repo=eren | action=edit | files=2
2025-03-25 18:52:00 | INFO | repo=eren | action=test | passed=true
2025-12-17 19:33:00 | WARN | repo=eren | action=commit
2025-05-06 21:49:00 | WARN | repo=eren | action=commit
2025-11-18 09:42:00 | DEBUG | repo=eren | action=commit
2025-11-12 20:01:00 | INFO | repo=eren | action=commit
2025-03-17 07:26:00 | WARN | repo=eren | action=commit
2025-05-25 20:58:00 | DEBUG | repo=eren | action=commit
2025-06-28 08:13:00 | INFO | repo=eren | action=commit
2025-03-05 09:00:00 | WARN | repo=eren | action=commit
2025-01-02 19:08:00 | DEBUG | repo=eren | action=edit | files=2
2025-02-18 09:17:00 | WARN | repo=eren | action=commit
2025-02-12 10:47:00 | INFO | repo=eren | action=pull
2025-04-01 08:56:00 | DEBUG | repo=eren | action=pull
2025-09-24 16:23:00 | DEBUG | repo=eren | action=test | passed=true
2025-09-01 11:27:00 | WARN | repo=eren | action=test | passed=true
2025-05-12 20:08:00 | DEBUG | repo=eren | action=commit
2025-08-27 18:15:00 | DEBUG | repo=eren | action=edit | files=3
2025-02-21 13:00:00 | WARN | repo=eren | action=commit
2025-07-16 09:44:00 | DEBUG | repo=eren | action=commit
2025-09-27 20:51:00 | WARN | repo=eren | action=commit
2025-01-13 15:48:00 | DEBUG | repo=eren | action=edit | files=3
2025-02-14 13:29:00 | DEBUG | repo=eren | action=commit
2025-01-12 12:01:00 | DEBUG | repo=eren | action=commit
2025-11-24 16:32:00 | WARN | repo=eren | action=test | passed=true
2025-06-15 07:52:00 | WARN | repo=eren | action=pull
2025-05-18 07:53:00 | DEBUG | repo=eren | action=pull
2025-11-09 19:16:00 | DEBUG | repo=eren | action=commit
